1415340859168,4794,MAIN,200,OK,PAGES 1-2,text,true,159360,http://ru.aliexpress.com/,2695
1415340859368,4814,MAIN,200,OK,PAGES 1-4,text,true,159360,http://ru.aliexpress.com/,1994
1415340859570,4839,MAIN,200,OK,PAGES 1-6,text,true,159359,http://ru.aliexpress.com/,2083
1415340859467,4972,MAIN,200,OK,PAGES 1-5,text,true,159360,http://ru.aliexpress.com/,2071
1415340859875,4646,MAIN,200,OK,PAGES 1-9,text,true,159361,http://ru.aliexpress.com/,1756
1415340859688,4881,MAIN,200,OK,PAGES 1-7,text,true,159361,http://ru.aliexpress.com/,1721
1415340859775,4808,MAIN,200,OK,PAGES 1-8,text,true,159361,http://ru.aliexpress.com/,1687
1415340859271,5359,MAIN,200,OK,PAGES 1-3,text,true,159369,http://ru.aliexpress.com/,1698
1415340859977,4714,MAIN,200,OK,PAGES 1-10,text,true,159361,http://ru.aliexpress.com/,1740
1415340859073,7658,MAIN,200,OK,PAGES 1-1,text,true,159367,http://ru.aliexpress.com/,1970
1415340863966,5251,SEARCHRESULT,200,OK,PAGES 1-2,text,true,248465,http://ru.aliexpress.com/wholesale?&SearchText=Чехол,1858
1415340864186,6814,SEARCHRESULT,200,OK,PAGES 1-4,text,true,273188,http://ru.aliexpress.com/wholesale?&SearchText=Коляска,2347
1415340864572,7205,SEARCHRESULT,200,OK,PAGES 1-7,text,true,248471,http://ru.aliexpress.com/wholesale?&SearchText=Чехол,1825
1415340864587,7253,SEARCHRESULT,200,OK,PAGES 1-8,text,true,251833,http://ru.aliexpress.com/wholesale?&SearchText=Шуба,1985
1415340864413,7686,SEARCHRESULT,200,OK,PAGES 1-6,text,true,256024,http://ru.aliexpress.com/wholesale?&SearchText=﻿Ноутбук,1983
1415340869224,3175,GOODS,200,OK,PAGES 1-2,text,true,96914,http://ru.aliexpress.com/item/Ultrabook-11-6-2-1-8/1971402404.html,3173
1415340864443,7989,SEARCHRESULT,200,OK,PAGES 1-5,text,true,270829,http://ru.aliexpress.com/wholesale?&SearchText=Телефон,1679
1415340864526,7913,SEARCHRESULT,200,OK,PAGES 1-9,text,true,272778,http://ru.aliexpress.com/wholesale?&SearchText=Коляска,2094
1415340864694,7772,SEARCHRESULT,200,OK,PAGES 1-10,text,true,270823,http://ru.aliexpress.com/wholesale?&SearchText=Телефон,2192
1415340871004,1770,GOODS,200,OK,PAGES 1-4,text,true,97166,http://ru.aliexpress.com/item/14-Intel-Celeron-N2840-2-16/1428512975.html,1769
1415340866734,6616,SEARCHRESULT,200,OK,PAGES 1-1,text,true,256450,http://ru.aliexpress.com/wholesale?&SearchText=﻿Ноутбук,4582
1415340864633,8982,SEARCHRESULT,200,OK,PAGES 1-3,text,true,251837,http://ru.aliexpress.com/wholesale?&SearchText=Шуба,1870
1415340871781,2013,GOODS,200,OK,PAGES 1-7,text,true,96915,http://ru.aliexpress.com/item/Ultrabook-11-6-2-1-8/1971402404.html,1793
1415340871844,2194,GOODS,200,OK,PAGES 1-8,text,true,101236,http://ru.aliexpress.com/item/14/879942424.html,1990
1415340872445,2414,GOODS,200,OK,PAGES 1-9,text,true,97165,http://ru.aliexpress.com/item/14-Intel-Celeron-N2840-2-16/1428512975.html,1864
1415340872470,2479,GOODS,200,OK,PAGES 1-10,text,true,94997,http://ru.aliexpress.com/item/DHL-13-3-1G-160GB-Intel-Atom-D2500/517191573.html,2228
1415340872414,2640,SHOPCART,200,OK,PAGES 1-2,text,true,56655,http://shoppingcart.aliexpress.com/shopcart/shopcartDetail.htm,2639
1415340872783,2343,SHOPCART,200,OK,PAGES 1-4,text,true,56655,http://shoppingcart.aliexpress.com/shopcart/shopcartDetail.htm,2342
1415340872103,3190,GOODS,200,OK,PAGES 1-6,text,true,159394,http://ru.aliexpress.com/﻿/item/lenovo-ideapad-y500-59371972/943009937.html,1965
1415340872437,2871,GOODS,200,OK,PAGES 1-5,text,true,94998,http://ru.aliexpress.com/item/DHL-13-3-1G-160GB-Intel-Atom-D2500/517191573.html,2039
1415340873619,2135,GOODS,200,OK,PAGES 1-3,text,true,101236,http://ru.aliexpress.com/item/14/879942424.html,1928
1415340873807,2179,SHOPCART,200,OK,PAGES 1-7,text,true,56655,http://shoppingcart.aliexpress.com/shopcart/shopcartDetail.htm,2179
1415340874050,2182,SHOPCART,200,OK,PAGES 1-8,text,true,56655,http://shoppingcart.aliexpress.com/shopcart/shopcartDetail.htm,2181
1415340873354,2895,GOODS,200,OK,PAGES 1-1,text,true,159394,http://ru.aliexpress.com/﻿/item/lenovo-ideapad-y500-59371972/943009937.html,1731
1415340874894,2303,SHOPCART,200,OK,PAGES 1-9,text,true,56655,http://shoppingcart.aliexpress.com/shopcart/shopcartDetail.htm,2302
1415340874962,2332,SHOPCART,200,OK,PAGES 1-10,text,true,56655,http://shoppingcart.aliexpress.com/shopcart/shopcartDetail.htm,2331
1415340875317,2324,SHOPCART,200,OK,PAGES 1-5,text,true,56655,http://shoppingcart.aliexpress.com/shopcart/shopcartDetail.htm,2323
1415340875304,2379,SHOPCART,200,OK,PAGES 1-6,text,true,56483,http://shoppingcart.aliexpress.com/shopcart/shopcartDetail.htm,2378
1415340875132,2731,MAIN,200,OK,PAGES 1-4,text,true,159353,http://ru.aliexpress.com/,1428
1415340875768,2353,SHOPCART,200,OK,PAGES 1-3,text,true,56483,http://shoppingcart.aliexpress.com/shopcart/shopcartDetail.htm,2353
1415340876260,2287,SHOPCART,200,OK,PAGES 1-1,text,true,56655,http://shoppingcart.aliexpress.com/shopcart/shopcartDetail.htm,2287
1415340875063,3706,MAIN,200,OK,PAGES 1-2,text,true,159360,http://ru.aliexpress.com/,1413
1415340875990,3633,MAIN,200,OK,PAGES 1-7,text,true,159360,http://ru.aliexpress.com/,1407
1415340876237,3659,MAIN,200,OK,PAGES 1-8,text,true,159360,http://ru.aliexpress.com/,1432
1415340877300,3900,MAIN,200,OK,PAGES 1-10,text,true,159361,http://ru.aliexpress.com/,1467
1415340877202,4478,MAIN,200,OK,PAGES 1-9,text,true,159361,http://ru.aliexpress.com/,1439
1415340877687,4232,MAIN,200,OK,PAGES 1-6,text,true,159360,http://ru.aliexpress.com/,1484
1415340878552,3872,MAIN,200,OK,PAGES 1-1,text,true,159361,http://ru.aliexpress.com/,1500
1415340877647,5253,MAIN,200,OK,PAGES 1-5,text,true,159361,http://ru.aliexpress.com/,3292
1415340877867,6295,SEARCHRESULT,200,OK,PAGES 1-4,text,true,248471,http://ru.aliexpress.com/wholesale?&SearchText=Чехол,1660
1415340878125,7055,MAIN,200,OK,PAGES 1-3,text,true,159361,http://ru.aliexpress.com/,3702
1415340878772,6729,SEARCHRESULT,200,OK,PAGES 1-2,text,true,229055,http://ru.aliexpress.com/wholesale?&SearchText=﻿Ноутбук,2179
1415340879627,6963,SEARCHRESULT,200,OK,PAGES 1-7,text,true,251830,http://ru.aliexpress.com/wholesale?&SearchText=Шуба,2057
1415340879900,7315,SEARCHRESULT,200,OK,PAGES 1-8,text,true,272769,http://ru.aliexpress.com/wholesale?&SearchText=Коляска,1838
1415340881207,6523,SEARCHRESULT,200,OK,PAGES 1-10,text,true,229049,http://ru.aliexpress.com/wholesale?&SearchText=﻿Ноутбук,2902
1415340881924,6395,SEARCHRESULT,200,OK,PAGES 1-6,text,true,252136,http://ru.aliexpress.com/wholesale?&SearchText=Шуба,1736
1415340881686,6862,SEARCHRESULT,200,OK,PAGES 1-9,text,true,270823,http://ru.aliexpress.com/wholesale?&SearchText=Телефон,1632
1415340882429,6832,SEARCHRESULT,200,OK,PAGES 1-1,text,true,270827,http://ru.aliexpress.com/wholesale?&SearchText=Телефон,1696
1415340882906,6454,SEARCHRESULT,200,OK,PAGES 1-5,text,true,248472,http://ru.aliexpress.com/wholesale?&SearchText=Чехол,1759
1415340886594,3103,GOODS,200,OK,PAGES 1-7,text,true,101236,http://ru.aliexpress.com/item/14/879942424.html,1677
1415340885505,4197,GOODS,200,OK,PAGES 1-2,text,true,159393,http://ru.aliexpress.com/﻿/item/lenovo-ideapad-y500-59371972/943009937.html,1857
1415340889709,0,SHOPCART,Non HTTP response code: org.apache.http.NoHttpResponseException,Non HTTP response message: The target server failed to respond,PAGES 1-2,text,false,1939,http://shoppingcart.aliexpress.com/shopcart/shopcartDetail.htm,0
1415340889709,0,SHOPCART,Non HTTP response code: java.net.SocketException,Non HTTP response message: Software caused connection abort: recv failed,PAGES 1-7,text,false,2390,http://shoppingcart.aliexpress.com/shopcart/shopcartDetail.htm,0
1415340884167,5869,GOODS,200,OK,PAGES 1-4,text,true,96914,http://ru.aliexpress.com/item/Ultrabook-11-6-2-1-8/1971402404.html,5078
1415340890039,1,SHOPCART,Non HTTP response code: java.net.SocketException,Non HTTP response message: Software caused connection abort: recv failed,PAGES 1-4,text,false,2390,http://shoppingcart.aliexpress.com/shopcart/shopcartDetail.htm,0
1415340887219,3047,GOODS,200,OK,PAGES 1-8,text,true,97165,http://ru.aliexpress.com/item/14-Intel-Celeron-N2840-2-16/1428512975.html,1680
1415340890270,1,SHOPCART,Non HTTP response code: java.net.SocketException,Non HTTP response message: Software caused connection abort: recv failed,PAGES 1-8,text,false,2390,http://shoppingcart.aliexpress.com/shopcart/shopcartDetail.htm,0
1415340888323,3001,GOODS,200,OK,PAGES 1-6,text,true,101236,http://ru.aliexpress.com/item/14/879942424.html,1785
1415340891331,1,SHOPCART,Non HTTP response code: java.net.SocketException,Non HTTP response message: Software caused connection abort: recv failed,PAGES 1-6,text,false,2390,http://shoppingcart.aliexpress.com/shopcart/shopcartDetail.htm,0
1415340888551,3114,GOODS,200,OK,PAGES 1-9,text,true,94997,http://ru.aliexpress.com/item/DHL-13-3-1G-160GB-Intel-Atom-D2500/517191573.html,1766
1415340891670,3,SHOPCART,Non HTTP response code: java.net.SocketException,Non HTTP response message: Software caused connection abort: recv failed,PAGES 1-9,text,false,2390,http://shoppingcart.aliexpress.com/shopcart/shopcartDetail.htm,0
1415340885186,7050,SEARCHRESULT,200,OK,PAGES 1-3,text,true,272770,http://ru.aliexpress.com/wholesale?&SearchText=Коляска,1679
1415340889265,3305,GOODS,200,OK,PAGES 1-1,text,true,94998,http://ru.aliexpress.com/item/DHL-13-3-1G-160GB-Intel-Atom-D2500/517191573.html,1669
1415340892575,1,SHOPCART,Non HTTP response code: java.net.SocketException,Non HTTP response message: Software caused connection abort: recv failed,PAGES 1-1,text,false,2390,http://shoppingcart.aliexpress.com/shopcart/shopcartDetail.htm,0
1415340889364,3588,GOODS,200,OK,PAGES 1-5,text,true,96914,http://ru.aliexpress.com/item/Ultrabook-11-6-2-1-8/1971402404.html,3388
1415340892958,1,SHOPCART,Non HTTP response code: java.net.SocketException,Non HTTP response message: Software caused connection abort: recv failed,PAGES 1-5,text,false,2390,http://shoppingcart.aliexpress.com/shopcart/shopcartDetail.htm,0
1415340889722,4180,MAIN,200,OK,PAGES 1-2,text,true,159361,http://ru.aliexpress.com/,1588
1415340890045,4109,MAIN,200,OK,PAGES 1-4,text,true,159361,http://ru.aliexpress.com/,1779
1415340890277,4106,MAIN,200,OK,PAGES 1-8,text,true,159354,http://ru.aliexpress.com/,2889
1415340892241,2607,GOODS,200,OK,PAGES 1-3,text,true,97165,http://ru.aliexpress.com/item/14-Intel-Celeron-N2840-2-16/1428512975.html,1826
1415340894854,1,SHOPCART,Non HTTP response code: java.net.SocketException,Non HTTP response message: Software caused connection abort: recv failed,PAGES 1-3,text,false,2390,http://shoppingcart.aliexpress.com/shopcart/shopcartDetail.htm,0
1415340891341,3531,MAIN,200,OK,PAGES 1-6,text,true,159361,http://ru.aliexpress.com/,1453
1415340891678,3437,MAIN,200,OK,PAGES 1-9,text,true,159360,http://ru.aliexpress.com/,1477
1415340889722,5528,MAIN,200,OK,PAGES 1-7,text,true,159369,http://ru.aliexpress.com/,1621
1415340887733,8004,GOODS,200,OK,PAGES 1-10,text,true,159394,http://ru.aliexpress.com/﻿/item/lenovo-ideapad-y500-59371972/943009937.html,1996
1415340895743,0,SHOPCART,Non HTTP response code: java.net.SocketException,Non HTTP response message: Software caused connection abort: recv failed,PAGES 1-10,text,false,2390,http://shoppingcart.aliexpress.com/shopcart/shopcartDetail.htm,0
1415340892583,3392,MAIN,200,OK,PAGES 1-1,text,true,159361,http://ru.aliexpress.com/,1402
1415340892965,5725,MAIN,200,OK,PAGES 1-5,text,true,159361,http://ru.aliexpress.com/,1466
1415340894860,3947,MAIN,200,OK,PAGES 1-3,text,true,159362,http://ru.aliexpress.com/,1449
1415340895748,4527,MAIN,200,OK,PAGES 1-10,text,true,159360,http://ru.aliexpress.com/,1542
1415340894159,6402,SEARCHRESULT,200,OK,PAGES 1-4,text,true,252819,http://ru.aliexpress.com/wholesale?&SearchText=Шуба,1666
1415340893906,6786,SEARCHRESULT,200,OK,PAGES 1-2,text,true,229056,http://ru.aliexpress.com/wholesale?&SearchText=﻿Ноутбук,2170
1415340894388,7065,SEARCHRESULT,200,OK,PAGES 1-8,text,true,273185,http://ru.aliexpress.com/wholesale?&SearchText=Коляска,1726
1415340895254,6351,SEARCHRESULT,200,OK,PAGES 1-7,text,true,248472,http://ru.aliexpress.com/wholesale?&SearchText=Чехол,1648
1415340894876,7168,SEARCHRESULT,200,OK,PAGES 1-6,text,true,270826,http://ru.aliexpress.com/wholesale?&SearchText=Телефон,1785
1415340895120,7155,SEARCHRESULT,200,OK,PAGES 1-9,text,true,256026,http://ru.aliexpress.com/wholesale?&SearchText=﻿Ноутбук,2321
1415340895980,6912,SEARCHRESULT,200,OK,PAGES 1-1,text,true,248471,http://ru.aliexpress.com/wholesale?&SearchText=Чехол,2464
1415340900564,3144,GOODS,200,OK,PAGES 1-4,text,true,101236,http://ru.aliexpress.com/item/14/879942424.html,1991
1415340901455,3067,GOODS,200,OK,PAGES 1-8,text,true,97164,http://ru.aliexpress.com/item/14-Intel-Celeron-N2840-2-16/1428512975.html,1928
1415340901607,3076,GOODS,200,OK,PAGES 1-7,text,true,96914,http://ru.aliexpress.com/item/Ultrabook-11-6-2-1-8/1971402404.html,1949
1415340902052,2970,GOODS,200,OK,PAGES 1-6,text,true,94997,http://ru.aliexpress.com/item/DHL-13-3-1G-160GB-Intel-Atom-D2500/517191573.html,2016
1415340900693,4351,GOODS,200,OK,PAGES 1-2,text,true,159394,http://ru.aliexpress.com/﻿/item/lenovo-ideapad-y500-59371972/943009937.html,1962
1415340898691,7007,SEARCHRESULT,200,OK,PAGES 1-5,text,true,252251,http://ru.aliexpress.com/wholesale?&SearchText=Шуба,3162
1415340902897,2838,GOODS,200,OK,PAGES 1-1,text,true,96914,http://ru.aliexpress.com/item/Ultrabook-11-6-2-1-8/1971402404.html,1935
1415340898808,7054,SEARCHRESULT,200,OK,PAGES 1-3,text,true,273188,http://ru.aliexpress.com/wholesale?&SearchText=Коляска,1700
1415340903712,2474,SHOPCART,200,OK,PAGES 1-4,text,true,56663,http://shoppingcart.aliexpress.com/shopcart/shopcartDetail.htm,2262
1415340904528,1692,SHOPCART,200,OK,PAGES 1-8,text,true,56654,http://shoppingcart.aliexpress.com/shopcart/shopcartDetail.htm,1692
1415340904687,1653,SHOPCART,200,OK,PAGES 1-7,text,true,56655,http://shoppingcart.aliexpress.com/shopcart/shopcartDetail.htm,1652
1415340902280,4076,GOODS,200,OK,PAGES 1-9,text,true,159394,http://ru.aliexpress.com/﻿/item/lenovo-ideapad-y500-59371972/943009937.html,2086
1415340900276,6192,SEARCHRESULT,200,OK,PAGES 1-10,text,true,270827,http://ru.aliexpress.com/wholesale?&SearchText=Телефон,1866
1415340905029,1688,SHOPCART,200,OK,PAGES 1-6,text,true,56655,http://shoppingcart.aliexpress.com/shopcart/shopcartDetail.htm,1688
1415340905049,2176,SHOPCART,200,OK,PAGES 1-2,text,true,56663,http://shoppingcart.aliexpress.com/shopcart/shopcartDetail.htm,2026
1415340905739,1939,SHOPCART,200,OK,PAGES 1-1,text,true,56663,http://shoppingcart.aliexpress.com/shopcart/shopcartDetail.htm,1774
1415340906367,2203,SHOPCART,200,OK,PAGES 1-9,text,true,56663,http://shoppingcart.aliexpress.com/shopcart/shopcartDetail.htm,2029
1415340905704,3376,GOODS,200,OK,PAGES 1-5,text,true,101236,http://ru.aliexpress.com/item/14/879942424.html,1614
1415340906472,3006,GOODS,200,OK,PAGES 1-10,text,true,94996,http://ru.aliexpress.com/item/DHL-13-3-1G-160GB-Intel-Atom-D2500/517191573.html,2104
1415340906191,3952,MAIN,200,OK,PAGES 1-4,text,true,159361,http://ru.aliexpress.com/,1690
1415340906226,3982,MAIN,200,OK,PAGES 1-8,text,true,159361,http://ru.aliexpress.com/,1594
1415340906344,3904,MAIN,200,OK,PAGES 1-7,text,true,159362,http://ru.aliexpress.com/,1359
1415340906720,3876,MAIN,200,OK,PAGES 1-6,text,true,159361,http://ru.aliexpress.com/,1520
1415340907229,3742,MAIN,200,OK,PAGES 1-2,text,true,159361,http://ru.aliexpress.com/,1713
1415340909085,2009,SHOPCART,200,OK,PAGES 1-5,text,true,56663,http://shoppingcart.aliexpress.com/shopcart/shopcartDetail.htm,1793
1415340907685,3422,MAIN,200,OK,PAGES 1-1,text,true,159361,http://ru.aliexpress.com/,1519
1415340909483,2375,SHOPCART,200,OK,PAGES 1-10,text,true,56662,http://shoppingcart.aliexpress.com/shopcart/shopcartDetail.htm,2102
1415340908575,3293,MAIN,200,OK,PAGES 1-9,text,true,159361,http://ru.aliexpress.com/,1434
1415340905867,6070,GOODS,200,OK,PAGES 1-3,text,true,97165,http://ru.aliexpress.com/item/14-Intel-Celeron-N2840-2-16/1428512975.html,1867
1415340911944,2272,SHOPCART,200,OK,PAGES 1-3,text,true,56655,http://shoppingcart.aliexpress.com/shopcart/shopcartDetail.htm,2271
1415340911099,4319,MAIN,200,OK,PAGES 1-5,text,true,159361,http://ru.aliexpress.com/,1476
1415340911863,4448,MAIN,200,OK,PAGES 1-10,text,true,159361,http://ru.aliexpress.com/,1381
1415340910252,6215,SEARCHRESULT,200,OK,PAGES 1-7,text,true,251831,http://ru.aliexpress.com/wholesale?&SearchText=Шуба,1722
1415340910148,6750,SEARCHRESULT,200,OK,PAGES 1-4,text,true,256024,http://ru.aliexpress.com/wholesale?&SearchText=﻿Ноутбук,2106
1415340910601,6645,SEARCHRESULT,200,OK,PAGES 1-6,text,true,272766,http://ru.aliexpress.com/wholesale?&SearchText=Коляска,1599
1415340911111,6463,SEARCHRESULT,200,OK,PAGES 1-1,text,true,229055,http://ru.aliexpress.com/wholesale?&SearchText=﻿Ноутбук,2051
1415340910976,6722,SEARCHRESULT,200,OK,PAGES 1-2,text,true,270826,http://ru.aliexpress.com/wholesale?&SearchText=Телефон,1643
1415340914220,4000,MAIN,200,OK,PAGES 1-3,text,true,159361,http://ru.aliexpress.com/,1828
1415340910214,8039,SEARCHRESULT,200,OK,PAGES 1-8,text,true,248470,http://ru.aliexpress.com/wholesale?&SearchText=Чехол,1687
1415340916472,2772,GOODS,200,OK,PAGES 1-7,text,true,101235,http://ru.aliexpress.com/item/14/879942424.html,1722
1415340919250,1,SHOPCART,Non HTTP response code: java.net.SocketException,Non HTTP response message: Software caused connection abort: recv failed,PAGES 1-7,text,false,2390,http://shoppingcart.aliexpress.com/shopcart/shopcartDetail.htm,0
1415340911875,7482,SEARCHRESULT,200,OK,PAGES 1-9,text,true,248473,http://ru.aliexpress.com/wholesale?&SearchText=Чехол,2499
1415340917252,2920,GOODS,200,OK,PAGES 1-6,text,true,97165,http://ru.aliexpress.com/item/14-Intel-Celeron-N2840-2-16/1428512975.html,1960
1415340920176,1,SHOPCART,Non HTTP response code: java.net.SocketException,Non HTTP response message: Software caused connection abort: recv failed,PAGES 1-6,text,false,2390,http://shoppingcart.aliexpress.com/shopcart/shopcartDetail.htm,0
1415340916903,4501,GOODS,200,OK,PAGES 1-4,text,true,159394,http://ru.aliexpress.com/﻿/item/lenovo-ideapad-y500-59371972/943009937.html,1764
1415340921410,0,SHOPCART,Non HTTP response code: java.net.SocketException,Non HTTP response message: Software caused connection abort: recv failed,PAGES 1-4,text,false,2390,http://shoppingcart.aliexpress.com/shopcart/shopcartDetail.htm,0
1415340915423,6311,SEARCHRESULT,200,OK,PAGES 1-5,text,true,252259,http://ru.aliexpress.com/wholesale?&SearchText=Шуба,1712
1415340918262,3646,GOODS,200,OK,PAGES 1-8,text,true,96915,http://ru.aliexpress.com/item/Ultrabook-11-6-2-1-8/1971402404.html,1717
1415340921913,1,SHOPCART,Non HTTP response code: java.net.SocketException,Non HTTP response message: Software caused connection abort: recv failed,PAGES 1-8,text,false,2390,http://shoppingcart.aliexpress.com/shopcart/shopcartDetail.htm,0
1415340917580,4372,GOODS,200,OK,PAGES 1-1,text,true,159394,http://ru.aliexpress.com/﻿/item/lenovo-ideapad-y500-59371972/943009937.html,1888
1415340921955,1,SHOPCART,Non HTTP response code: java.net.SocketException,Non HTTP response message: Software caused connection abort: recv failed,PAGES 1-1,text,false,2390,http://shoppingcart.aliexpress.com/shopcart/shopcartDetail.htm,0
1415340917704,4869,GOODS,200,OK,PAGES 1-2,text,true,94998,http://ru.aliexpress.com/item/DHL-13-3-1G-160GB-Intel-Atom-D2500/517191573.html,1957
1415340922578,1,SHOPCART,Non HTTP response code: java.net.SocketException,Non HTTP response message: Software caused connection abort: recv failed,PAGES 1-2,text,false,2390,http://shoppingcart.aliexpress.com/shopcart/shopcartDetail.htm,0
1415340916318,6473,SEARCHRESULT,200,OK,PAGES 1-10,text,true,272768,http://ru.aliexpress.com/wholesale?&SearchText=Коляска,1570
1415340919363,3472,GOODS,200,OK,PAGES 1-9,text,true,96914,http://ru.aliexpress.com/item/Ultrabook-11-6-2-1-8/1971402404.html,3178
1415340922841,1,SHOPCART,Non HTTP response code: java.net.SocketException,Non HTTP response message: Software caused connection abort: recv failed,PAGES 1-9,text,false,2390,http://shoppingcart.aliexpress.com/shopcart/shopcartDetail.htm,0
1415340919260,3614,MAIN,200,OK,PAGES 1-7,text,true,159361,http://ru.aliexpress.com/,1618
1415340920181,3582,MAIN,200,OK,PAGES 1-6,text,true,159361,http://ru.aliexpress.com/,1473
1415340921740,2841,GOODS,200,OK,PAGES 1-5,text,true,101237,http://ru.aliexpress.com/item/14/879942424.html,2065
1415340924585,1,SHOPCART,Non HTTP response code: java.net.SocketException,Non HTTP response message: Software caused connection abort: recv failed,PAGES 1-5,text,false,2390,http://shoppingcart.aliexpress.com/shopcart/shopcartDetail.htm,0
1415340922798,3111,GOODS,200,OK,PAGES 1-10,text,true,97166,http://ru.aliexpress.com/item/14-Intel-Celeron-N2840-2-16/1428512975.html,2006
1415340925913,0,SHOPCART,Non HTTP response code: java.net.SocketException,Non HTTP response message: Software caused connection abort: recv failed,PAGES 1-10,text,false,2390,http://shoppingcart.aliexpress.com/shopcart/shopcartDetail.htm,0
1415340921919,4357,MAIN,200,OK,PAGES 1-8,text,true,159360,http://ru.aliexpress.com/,1404
1415340922589,4173,MAIN,200,OK,PAGES 1-2,text,true,159362,http://ru.aliexpress.com/,1387
1415340922848,3961,MAIN,200,OK,PAGES 1-9,text,true,159361,http://ru.aliexpress.com/,1498
1415340918225,8785,SEARCHRESULT,200,OK,PAGES 1-3,text,true,270823,http://ru.aliexpress.com/wholesale?&SearchText=Телефон,1926
1415340924589,3259,MAIN,200,OK,PAGES 1-5,text,true,159361,http://ru.aliexpress.com/,1466
1415340921961,6524,MAIN,200,OK,PAGES 1-1,text,true,159368,http://ru.aliexpress.com/,1504
1415340921416,7164,MAIN,200,OK,PAGES 1-4,text,true,159369,http://ru.aliexpress.com/,1514
1415340922879,6366,SEARCHRESULT,200,OK,PAGES 1-7,text,true,256454,http://ru.aliexpress.com/wholesale?&SearchText=﻿Ноутбук,2235
1415340927014,2681,GOODS,200,OK,PAGES 1-3,text,true,94997,http://ru.aliexpress.com/item/DHL-13-3-1G-160GB-Intel-Atom-D2500/517191573.html,1837
1415340929699,1,SHOPCART,Non HTTP response code: java.net.SocketException,Non HTTP response message: Software caused connection abort: recv failed,PAGES 1-3,text,false,2390,http://shoppingcart.aliexpress.com/shopcart/shopcartDetail.htm,0
1415340923769,7853,SEARCHRESULT,200,OK,PAGES 1-6,text,true,248472,http://ru.aliexpress.com/wholesale?&SearchText=Чехол,2079
1415340925918,6045,MAIN,200,OK,PAGES 1-10,text,true,159368,http://ru.aliexpress.com/,1445
1415340926812,5749,SEARCHRESULT,200,OK,PAGES 1-9,text,true,248472,http://ru.aliexpress.com/wholesale?&SearchText=Чехол,1716
1415340926766,6081,SEARCHRESULT,200,OK,PAGES 1-2,text,true,256022,http://ru.aliexpress.com/wholesale?&SearchText=﻿Ноутбук,1850
1415340929705,3977,MAIN,200,OK,PAGES 1-3,text,true,159361,http://ru.aliexpress.com/,2050
1415340929248,4498,GOODS,200,OK,PAGES 1-7,text,true,159394,http://ru.aliexpress.com/﻿/item/lenovo-ideapad-y500-59371972/943009937.html,3254
1415340927852,6041,SEARCHRESULT,200,OK,PAGES 1-5,text,true,252256,http://ru.aliexpress.com/wholesale?&SearchText=Шуба,1574
1415340931627,2586,GOODS,200,OK,PAGES 1-6,text,true,96914,http://ru.aliexpress.com/item/Ultrabook-11-6-2-1-8/1971402404.html,1690
1415340928586,5917,SEARCHRESULT,200,OK,PAGES 1-4,text,true,251832,http://ru.aliexpress.com/wholesale?&SearchText=Шуба,1548
1415340926279,8512,SEARCHRESULT,200,OK,PAGES 1-8,text,true,272779,http://ru.aliexpress.com/wholesale?&SearchText=Коляска,1639
1415340928492,6350,SEARCHRESULT,200,OK,PAGES 1-1,text,true,270822,http://ru.aliexpress.com/wholesale?&SearchText=Телефон,1580
1415340932565,2442,GOODS,200,OK,PAGES 1-9,text,true,96914,http://ru.aliexpress.com/item/Ultrabook-11-6-2-1-8/1971402404.html,1664
1415340933751,1693,SHOPCART,200,OK,PAGES 1-7,text,true,56655,http://shoppingcart.aliexpress.com/shopcart/shopcartDetail.htm,1692
1415340934219,2265,SHOPCART,200,OK,PAGES 1-6,text,true,56663,http://shoppingcart.aliexpress.com/shopcart/shopcartDetail.htm,1699
1415340932851,3639,GOODS,200,OK,PAGES 1-2,text,true,159394,http://ru.aliexpress.com/﻿/item/lenovo-ideapad-y500-59371972/943009937.html,2136
1415340933897,2815,GOODS,200,OK,PAGES 1-5,text,true,101236,http://ru.aliexpress.com/item/14/879942424.html,1712
1415340934508,2664,GOODS,200,OK,PAGES 1-4,text,true,101235,http://ru.aliexpress.com/item/14/879942424.html,1916
1415340935011,2211,SHOPCART,200,OK,PAGES 1-9,text,true,56663,http://shoppingcart.aliexpress.com/shopcart/shopcartDetail.htm,1683
1415340934846,2542,GOODS,200,OK,PAGES 1-1,text,true,94998,http://ru.aliexpress.com/item/DHL-13-3-1G-160GB-Intel-Atom-D2500/517191573.html,1785
1415340934797,2933,GOODS,200,OK,PAGES 1-8,text,true,97165,http://ru.aliexpress.com/item/14-Intel-Celeron-N2840-2-16/1428512975.html,1705
1415340931967,5812,SEARCHRESULT,200,OK,PAGES 1-10,text,true,272759,http://ru.aliexpress.com/wholesale?&SearchText=Коляска,3620
1415340936498,1382,SHOPCART,200,OK,PAGES 1-2,text,true,56654,http://shoppingcart.aliexpress.com/shopcart/shopcartDetail.htm,1381
1415340933687,4418,SEARCHRESULT,200,OK,PAGES 1-3,text,true,270817,http://ru.aliexpress.com/wholesale?&SearchText=Телефон,1650
1415340936717,1572,SHOPCART,200,OK,PAGES 1-5,text,true,56655,http://shoppingcart.aliexpress.com/shopcart/shopcartDetail.htm,1572
1415340937395,1254,SHOPCART,200,OK,PAGES 1-1,text,true,56655,http://shoppingcart.aliexpress.com/shopcart/shopcartDetail.htm,1254
1415340937179,1506,SHOPCART,200,OK,PAGES 1-4,text,true,56655,http://shoppingcart.aliexpress.com/shopcart/shopcartDetail.htm,1506
1415340937736,1480,SHOPCART,200,OK,PAGES 1-8,text,true,56655,http://shoppingcart.aliexpress.com/shopcart/shopcartDetail.htm,1462
1415340937786,1547,GOODS,200,OK,PAGES 1-10,text,true,97165,http://ru.aliexpress.com/item/14-Intel-Celeron-N2840-2-16/1428512975.html,1547
1415340939337,1194,SHOPCART,200,OK,PAGES 1-10,text,true,56655,http://shoppingcart.aliexpress.com/shopcart/shopcartDetail.htm,1194
1415340938110,2496,GOODS,200,OK,PAGES 1-3,text,true,94997,http://ru.aliexpress.com/item/DHL-13-3-1G-160GB-Intel-Atom-D2500/517191573.html,1802
1415340940609,1204,SHOPCART,200,OK,PAGES 1-3,text,true,56655,http://shoppingcart.aliexpress.com/shopcart/shopcartDetail.htm,1204
